<?xml version="1.0" encoding="UTF-8"?>
<!-- Generated by org.testng.reporters.JUnitReportReporter -->
<testsuite hostname="Fayejs-MBP.home" failures="0" tests="1" name="com.test.Cases.TC_LoginTest_001" time="4.549" errors="0" timestamp="2020-01-26T23:54:39 EST" skipped="0">
  <testcase classname="com.test.Cases.TC_LoginTest_001" name="loginTest" time="4.549"/>
  <system-out/>
</testsuite> <!-- com.test.Cases.TC_LoginTest_001 -->
