<?xml version="1.0" encoding="UTF-8"?>
<!-- Generated by org.testng.reporters.JUnitReportReporter -->
<testsuite hostname="fayejs-mbp.lan" failures="0" tests="1" name="com.test.Cases.TC_LoginTest" time="1.475" errors="0" timestamp="2020-01-29T22:23:18 EST" skipped="0">
  <testcase classname="com.test.Cases.TC_LoginTest" name="loginTest" time="1.475"/>
  <system-out/>
</testsuite> <!-- com.test.Cases.TC_LoginTest -->
